<?xml version="1.0" encoding="UTF-8"?>
<testng-results skipped="0" failed="0" total="6" passed="6">
  <reporter-output>
  </reporter-output>
  <suite name="Customers" duration-ms="70021" started-at="2014-08-03T18:45:44Z" finished-at="2014-08-03T18:46:54Z">
    <groups>
    </groups>
    <test name="validateUniversityFormData2" duration-ms="27586" started-at="2014-08-03T18:45:44Z" finished-at="2014-08-03T18:46:11Z">
      <class name="org.testng.validateorders.ApplicationTest">
        <test-method status="PASS" signature="beforeTest(org.testng.ITestContext)[pri:0, instance:org.testng.validateorders.ApplicationTest@b5423f]" name="beforeTest" is-config="true" duration-ms="24062" started-at="2014-08-04T00:15:44Z" finished-at="2014-08-04T00:16:08Z">
          <params>
            <param index="0">
              <value>
                <![CDATA[org.testng.TestRunner@15f5985]]>
              </value>
            </param>
          </params>
          <reporter-output>
          </reporter-output>
        </test-method> <!-- beforeTest -->
        <test-method status="PASS" signature="beforeClass(org.testng.ITestContext)[pri:0, instance:org.testng.validateorders.ApplicationTest@b5423f]" name="beforeClass" is-config="true" duration-ms="8" started-at="2014-08-04T00:16:08Z" finished-at="2014-08-04T00:16:08Z">
          <params>
            <param index="0">
              <value>
                <![CDATA[org.testng.TestRunner@15f5985]]>
              </value>
            </param>
          </params>
          <reporter-output>
          </reporter-output>
        </test-method> <!-- beforeClass -->
        <test-method status="PASS" signature="enterUniversityData()[pri:0, instance:org.testng.validateorders.ApplicationTest@b5423f]" name="enterUniversityData" duration-ms="3273" started-at="2014-08-04T00:16:08Z" finished-at="2014-08-04T00:16:11Z">
          <reporter-output>
          </reporter-output>
        </test-method> <!-- enterUniversityData -->
        <test-method status="PASS" signature="validateConfirmationMessage()[pri:0, instance:org.testng.validateorders.ApplicationTest@b5423f]" name="validateConfirmationMessage" duration-ms="40" started-at="2014-08-04T00:16:11Z" finished-at="2014-08-04T00:16:11Z">
          <reporter-output>
          </reporter-output>
        </test-method> <!-- validateConfirmationMessage -->
        <test-method status="PASS" signature="afterMethod(org.testng.ITestContext)[pri:0, instance:org.testng.validateorders.ApplicationTest@b5423f]" name="afterMethod" is-config="true" duration-ms="190" started-at="2014-08-04T00:16:11Z" finished-at="2014-08-04T00:16:11Z">
          <params>
            <param index="0">
              <value>
                <![CDATA[org.testng.TestRunner@15f5985]]>
              </value>
            </param>
          </params>
          <reporter-output>
          </reporter-output>
        </test-method> <!-- afterMethod -->
      </class> <!-- org.testng.validateorders.ApplicationTest -->
    </test> <!-- validateUniversityFormData2 -->
    <test name="validateUniversityFormData1" duration-ms="34812" started-at="2014-08-03T18:45:44Z" finished-at="2014-08-03T18:46:19Z">
      <class name="org.testng.validateorders.ApplicationTest">
        <test-method status="PASS" signature="beforeTest(org.testng.ITestContext)[pri:0, instance:org.testng.validateorders.ApplicationTest@200309]" name="beforeTest" is-config="true" duration-ms="31288" started-at="2014-08-04T00:15:44Z" finished-at="2014-08-04T00:16:15Z">
          <params>
            <param index="0">
              <value>
                <![CDATA[org.testng.TestRunner@ae525c]]>
              </value>
            </param>
          </params>
          <reporter-output>
          </reporter-output>
        </test-method> <!-- beforeTest -->
        <test-method status="PASS" signature="beforeClass(org.testng.ITestContext)[pri:0, instance:org.testng.validateorders.ApplicationTest@200309]" name="beforeClass" is-config="true" duration-ms="1" started-at="2014-08-04T00:16:15Z" finished-at="2014-08-04T00:16:15Z">
          <params>
            <param index="0">
              <value>
                <![CDATA[org.testng.TestRunner@ae525c]]>
              </value>
            </param>
          </params>
          <reporter-output>
          </reporter-output>
        </test-method> <!-- beforeClass -->
        <test-method status="PASS" signature="enterUniversityData()[pri:0, instance:org.testng.validateorders.ApplicationTest@200309]" name="enterUniversityData" duration-ms="3321" started-at="2014-08-04T00:16:15Z" finished-at="2014-08-04T00:16:18Z">
          <reporter-output>
          </reporter-output>
        </test-method> <!-- enterUniversityData -->
        <test-method status="PASS" signature="validateConfirmationMessage()[pri:0, instance:org.testng.validateorders.ApplicationTest@200309]" name="validateConfirmationMessage" duration-ms="35" started-at="2014-08-04T00:16:18Z" finished-at="2014-08-04T00:16:18Z">
          <reporter-output>
          </reporter-output>
        </test-method> <!-- validateConfirmationMessage -->
        <test-method status="PASS" signature="afterMethod(org.testng.ITestContext)[pri:0, instance:org.testng.validateorders.ApplicationTest@200309]" name="afterMethod" is-config="true" duration-ms="165" started-at="2014-08-04T00:16:18Z" finished-at="2014-08-04T00:16:19Z">
          <params>
            <param index="0">
              <value>
                <![CDATA[org.testng.TestRunner@ae525c]]>
              </value>
            </param>
          </params>
          <reporter-output>
          </reporter-output>
        </test-method> <!-- afterMethod -->
      </class> <!-- org.testng.validateorders.ApplicationTest -->
    </test> <!-- validateUniversityFormData1 -->
    <test name="validateUniversityFormData" duration-ms="70021" started-at="2014-08-03T18:45:44Z" finished-at="2014-08-03T18:46:54Z">
      <class name="org.testng.validateorders.ApplicationTest">
        <test-method status="PASS" signature="beforeTest(org.testng.ITestContext)[pri:0, instance:org.testng.validateorders.ApplicationTest@4edf4a]" name="beforeTest" is-config="true" duration-ms="66577" started-at="2014-08-04T00:15:44Z" finished-at="2014-08-04T00:16:50Z">
          <params>
            <param index="0">
              <value>
                <![CDATA[org.testng.TestRunner@a11b7e]]>
              </value>
            </param>
          </params>
          <reporter-output>
          </reporter-output>
        </test-method> <!-- beforeTest -->
        <test-method status="PASS" signature="beforeClass(org.testng.ITestContext)[pri:0, instance:org.testng.validateorders.ApplicationTest@4edf4a]" name="beforeClass" is-config="true" duration-ms="1" started-at="2014-08-04T00:16:50Z" finished-at="2014-08-04T00:16:50Z">
          <params>
            <param index="0">
              <value>
                <![CDATA[org.testng.TestRunner@a11b7e]]>
              </value>
            </param>
          </params>
          <reporter-output>
          </reporter-output>
        </test-method> <!-- beforeClass -->
        <test-method status="PASS" signature="enterUniversityData()[pri:0, instance:org.testng.validateorders.ApplicationTest@4edf4a]" name="enterUniversityData" duration-ms="3126" started-at="2014-08-04T00:16:50Z" finished-at="2014-08-04T00:16:53Z">
          <reporter-output>
          </reporter-output>
        </test-method> <!-- enterUniversityData -->
        <test-method status="PASS" signature="validateConfirmationMessage()[pri:0, instance:org.testng.validateorders.ApplicationTest@4edf4a]" name="validateConfirmationMessage" duration-ms="40" started-at="2014-08-04T00:16:53Z" finished-at="2014-08-04T00:16:53Z">
          <reporter-output>
          </reporter-output>
        </test-method> <!-- validateConfirmationMessage -->
        <test-method status="PASS" signature="afterMethod(org.testng.ITestContext)[pri:0, instance:org.testng.validateorders.ApplicationTest@4edf4a]" name="afterMethod" is-config="true" duration-ms="276" started-at="2014-08-04T00:16:53Z" finished-at="2014-08-04T00:16:54Z">
          <params>
            <param index="0">
              <value>
                <![CDATA[org.testng.TestRunner@a11b7e]]>
              </value>
            </param>
          </params>
          <reporter-output>
          </reporter-output>
        </test-method> <!-- afterMethod -->
      </class> <!-- org.testng.validateorders.ApplicationTest -->
    </test> <!-- validateUniversityFormData -->
  </suite> <!-- Customers -->
</testng-results>
