<?xml version="1.0" encoding="UTF-8"?>
<testsuite name="TestSuite" time="9.825" tests="6" errors="0" skipped="0" failures="0">
  <properties>
[...]
</properties>
  <testcase name="enterUniversityData" classname="org.testng.validateorders.ApplicationTest" time="3.276"/>
  <testcase name="validateConfirmationMessage" classname="org.testng.validateorders.ApplicationTest" time="0.036"/>
  <testcase name="enterUniversityData" classname="org.testng.validateorders.ApplicationTest" time="3.32"/>
  <testcase name="validateConfirmationMessage" classname="org.testng.validateorders.ApplicationTest" time="0.032"/>
  <testcase name="enterUniversityData" classname="org.testng.validateorders.ApplicationTest" time="3.127"/>
  <testcase name="validateConfirmationMessage" classname="org.testng.validateorders.ApplicationTest" time="0.034"/>
</testsuite>