<?xml version="1.0" encoding="UTF-8"?>
<!-- Generated by org.testng.reporters.JUnitXMLReporter -->
<testsuite hostname="Rishik-txl" name="validateUniversityFormData1" tests="2" failures="0" timestamp="3 Aug 2014 18:46:19 GMT" time="34.812" errors="0">
  <testcase name="enterUniversityData" time="3.321" classname="org.testng.validateorders.ApplicationTest"/>
  <testcase name="validateConfirmationMessage" time="0.035" classname="org.testng.validateorders.ApplicationTest"/>
</testsuite> <!-- validateUniversityFormData1 -->
