<?xml version="1.0" encoding="UTF-8"?>
<!-- Generated by org.testng.reporters.JUnitXMLReporter -->
<testsuite hostname="Rishik-txl" name="validateUniversityFormData" tests="2" failures="0" timestamp="3 Aug 2014 18:46:54 GMT" time="70.021" errors="0">
  <testcase name="enterUniversityData" time="3.126" classname="org.testng.validateorders.ApplicationTest"/>
  <testcase name="validateConfirmationMessage" time="0.04" classname="org.testng.validateorders.ApplicationTest"/>
</testsuite> <!-- validateUniversityFormData -->
